%!Adobe-FontList 1.20
%Locale:0x419

%BeginFont
Handler:DirectoryHandler
FontType:TrueType
FontName:Montserrat-Bold
FamilyName:Montserrat
StyleName:Bold
FullName:Montserrat Bold
MenuName:Montserrat
StyleBits:2
WritingScript:Roman
OutlineFileName:E:\СТАФФ\UPWORQ\2019-01-03 OMAR DIAB - Restaurant menu design\Packages\Takeout menu_3a Folder\Document fonts\Montserrat-Bold.ttf
DataFormat:sfntData
hasSVG:no
VariableFontType:NonVariableFont
FileLength:261588
FileModTime:1573050070
WeightClass:700
WidthClass:5
AngleClass:0
NameArray:0,Mac,4,Montserrat Bold
NameArray:0,Win,1,Montserrat
%EndFont

%BeginFont
Handler:DirectoryHandler
FontType:TrueType
FontName:Montserrat-Medium
FamilyName:Montserrat
StyleName:Medium
FullName:Montserrat Medium
MenuName:Montserrat Medium
StyleBits:0
WritingScript:Roman
OutlineFileName:E:\СТАФФ\UPWORQ\2019-01-03 OMAR DIAB - Restaurant menu design\Packages\Takeout menu_3a Folder\Document fonts\Montserrat-Medium.ttf
DataFormat:sfntData
hasSVG:no
VariableFontType:NonVariableFont
FileLength:260236
FileModTime:1573050070
WeightClass:500
WidthClass:5
AngleClass:0
NameArray:0,Mac,4,Montserrat Medium
NameArray:0,Win,1,Montserrat Medium
NameArray:0,Win,16,Montserrat
%EndFont

%BeginFont
Handler:DirectoryHandler
FontType:TrueType
FontName:Montserrat-Regular
FamilyName:Montserrat
StyleName:Regular
FullName:Montserrat Regular
MenuName:Montserrat
StyleBits:0
WritingScript:Roman
OutlineFileName:E:\СТАФФ\UPWORQ\2019-01-03 OMAR DIAB - Restaurant menu design\Packages\Takeout menu_3a Folder\Document fonts\Montserrat-Regular.ttf
DataFormat:sfntData
hasSVG:no
VariableFontType:NonVariableFont
FileLength:245708
FileModTime:1323723600
WeightClass:400
WidthClass:5
AngleClass:0
NameArray:0,Win,1,Montserrat
%EndFont

%BeginFont
Handler:DirectoryHandler
FontType:TrueType
FontName:Montserrat-Italic
FamilyName:Montserrat
StyleName:Italic
FullName:Montserrat Italic
MenuName:Montserrat
StyleBits:1
WritingScript:Roman
OutlineFileName:E:\СТАФФ\UPWORQ\2019-01-03 OMAR DIAB - Restaurant menu design\Packages\Takeout menu_3a Folder\Document fonts\Montserrat-RegularItalic.ttf
DataFormat:sfntData
hasSVG:no
VariableFontType:NonVariableFont
FileLength:249088
FileModTime:1323723600
WeightClass:400
WidthClass:5
AngleClass:1
NameArray:0,Win,1,Montserrat
%EndFont

%BeginFont
Handler:DirectoryHandler
FontType:TrueType
FontName:Montserrat-SemiBold
FamilyName:Montserrat
StyleName:SemiBold
FullName:Montserrat SemiBold
MenuName:Montserrat SemiBold
StyleBits:0
WritingScript:Roman
OutlineFileName:E:\СТАФФ\UPWORQ\2019-01-03 OMAR DIAB - Restaurant menu design\Packages\Takeout menu_3a Folder\Document fonts\Montserrat-SemiBold.ttf
DataFormat:sfntData
hasSVG:no
VariableFontType:NonVariableFont
FileLength:260936
FileModTime:1573050070
WeightClass:600
WidthClass:5
AngleClass:0
NameArray:0,Mac,4,Montserrat SemiBold
NameArray:0,Win,1,Montserrat SemiBold
NameArray:0,Win,16,Montserrat
%EndFont

%BeginFont
Handler:DirectoryHandler
FontType:TrueType
FontName:Tajawal-Bold
FamilyName:Tajawal
StyleName:Bold
FullName:Tajawal-Bold
MenuName:Tajawal
StyleBits:2
FamilyNameNative:Tajawal
StyleNameNative:Bold
FullNameNative:Tajawal Bold
WritingScript:Arabic
OutlineFileName:E:\СТАФФ\UPWORQ\2019-01-03 OMAR DIAB - Restaurant menu design\Packages\Takeout menu_3a Folder\Document fonts\Tajawal-Bold.ttf
DataFormat:sfntData
hasSVG:no
VariableFontType:NonVariableFont
FileLength:56568
FileModTime:1522789200
WeightClass:700
WidthClass:5
AngleClass:0
NameArray:0,Win,1,Tajawal
NameArray:0,Win,16,Tajawal
%EndFont

%BeginFont
Handler:DirectoryHandler
FontType:TrueType
FontName:Tajawal-Medium
FamilyName:Tajawal
StyleName:Medium
FullName:Tajawal-Medium
MenuName:Tajawal Medium
StyleBits:0
FamilyNameNative:Tajawal
StyleNameNative:Medium
FullNameNative:Tajawal Medium
WritingScript:Arabic
OutlineFileName:E:\СТАФФ\UPWORQ\2019-01-03 OMAR DIAB - Restaurant menu design\Packages\Takeout menu_3a Folder\Document fonts\Tajawal-Medium.ttf
DataFormat:sfntData
hasSVG:no
VariableFontType:NonVariableFont
FileLength:57360
FileModTime:1522789200
WeightClass:500
WidthClass:5
AngleClass:0
NameArray:0,Win,1,Tajawal Medium
NameArray:0,Win,16,Tajawal
%EndFont

